<?xml version="1.0" encoding="UTF-8"?>
<testsuite xmlns:xsi="http://www.w3.org/2001/XMLSchema-instance" xsi:noNamespaceSchemaLocation="https://maven.apache.org/surefire/maven-surefire-plugin/xsd/surefire-test-report.xsd" version="3.0.2" name="com.jtklearn.runners.TestRunner" time="23.403" tests="3" errors="1" skipped="2" failures="0">
  <properties>
[...]
</properties>
  <testcase name="Login Functionality - Login dengan kredensial yang valid" classname="TestRunner" time="0.0">
    <skipped message="&apos;cucumber.filter.tags=@tc17&apos; did not match this scenario"/>
    <system-err><![CDATA[Jun 16, 2026 1:34:29 PM org.junit.platform.launcher.core.DiscoveryIssueNotifier logIssues
WARNING: TestEngine with ID 'junit-platform-suite' encountered a non-critical issue during test discovery:

(1) [WARNING] [cucumber] The classpath resource selector 'features' should not be used to select features in a package. Use the package selector with 'features' instead (via @Suite com.jtklearn.runners.TestRunner).
]]></system-err>
  </testcase>
  <testcase name="Logout Functionality - Logout berhasil saat pengguna menekan tombol logout" classname="TestRunner" time="0.0">
    <skipped message="&apos;cucumber.filter.tags=@tc17&apos; did not match this scenario"/>
  </testcase>
  <testcase name="Quizzez - Verifikasi sistem ketika pelajar submit kuis dengan ada soal yang tidak dijawab" classname="TestRunner" time="23.103">
    <error message="Expected condition failed: waiting for presence of any elements located by By.cssSelector: input.input-quiz-radio[type=&apos;radio&apos;] (tried for 15 second(s) with 500 milliseconds interval)&#10;Build info: version: &apos;4.32.0&apos;, revision: &apos;d17c8aa950&apos;&#10;System info: os.name: &apos;Windows 11&apos;, os.arch: &apos;amd64&apos;, os.version: &apos;10.0&apos;, java.version: &apos;26.0.1&apos;&#10;Driver info: org.openqa.selenium.chrome.ChromeDriver&#10;Capabilities {acceptInsecureCerts: false, browserName: chrome, browserVersion: 149.0.7827.104, chrome: {chromedriverVersion: 149.0.7827.115 (daf70f9ddee..., userDataDir: C:\Users\CARISS~1\AppData\L...}, fedcm:accounts: true, goog:chromeOptions: {debuggerAddress: localhost:50772}, goog:processID: 9948, networkConnectionEnabled: false, pageLoadStrategy: normal, platformName: windows, proxy: Proxy(), se:cdp: ws://localhost:50772/devtoo..., se:cdpVersion: 149.0.7827.104, setWindowRect: true, strictFileInteractability: false, timeouts: {implicit: 0, pageLoad: 300000, script: 30000}, unhandledPromptBehavior: dismiss and notify, webauthn:extension:credBlob: true, webauthn:extension:largeBlob: true, webauthn:extension:minPinLength: true, webauthn:extension:prf: true, webauthn:virtualAuthenticators: true}&#10;Session ID: 90d9bb9d44a2cf5686c2c7f22054327a" type="org.openqa.selenium.TimeoutException"><![CDATA[org.openqa.selenium.TimeoutException: 
Expected condition failed: waiting for presence of any elements located by By.cssSelector: input.input-quiz-radio[type='radio'] (tried for 15 second(s) with 500 milliseconds interval)
Build info: version: '4.32.0', revision: 'd17c8aa950'
System info: os.name: 'Windows 11', os.arch: 'amd64', os.version: '10.0', java.version: '26.0.1'
Driver info: org.openqa.selenium.chrome.ChromeDriver
Capabilities {acceptInsecureCerts: false, browserName: chrome, browserVersion: 149.0.7827.104, chrome: {chromedriverVersion: 149.0.7827.115 (daf70f9ddee..., userDataDir: C:\Users\CARISS~1\AppData\L...}, fedcm:accounts: true, goog:chromeOptions: {debuggerAddress: localhost:50772}, goog:processID: 9948, networkConnectionEnabled: false, pageLoadStrategy: normal, platformName: windows, proxy: Proxy(), se:cdp: ws://localhost:50772/devtoo..., se:cdpVersion: 149.0.7827.104, setWindowRect: true, strictFileInteractability: false, timeouts: {implicit: 0, pageLoad: 300000, script: 30000}, unhandledPromptBehavior: dismiss and notify, webauthn:extension:credBlob: true, webauthn:extension:largeBlob: true, webauthn:extension:minPinLength: true, webauthn:extension:prf: true, webauthn:virtualAuthenticators: true}
Session ID: 90d9bb9d44a2cf5686c2c7f22054327a
	at org.openqa.selenium.support.ui.WebDriverWait.timeoutException(WebDriverWait.java:84)
	at org.openqa.selenium.support.ui.FluentWait.until(FluentWait.java:228)
	at com.jtklearn.pages.QuizPage.clickStartQuizButton(QuizPage.java:81)
	at com.jtklearn.stepdefinitions.QuizSteps.openQuizSession(QuizSteps.java:58)
	at ✽.Pelajar membuka sesi kuis "Kuis Donuts"(classpath:features/quiz.feature:7)
]]></error>
    <system-out><![CDATA[
@quiz @tc17
&amp#27;[1mScenario:&amp#27;[22m Verifikasi sistem ketika pelajar submit kuis dengan ada soal yang tidak dijawab                &amp#27;[90m# classpath:features/quiz.feature:5&amp#27;[39m
Email diisi: carissa@example.com
Password diisi
Tombol login diklik
Klik Lanjutkan Kursus.
  &amp#27;[32m✔&amp#27;[39m &amp#27;[32m&amp#27;[1mGiven &amp#27;[22mPelajar sudah login dan enroll course Bakery With Me! Resep Hayday dan sedang mengerjakan kuis&amp#27;[39m &amp#27;[90m# com.jtklearn.stepdefinitions.QuizSteps.pelajar_sudah_login_sedang_mengerjakan_kuis()&amp#27;[39m
Mengklik item kuis: Kuis Donuts
Halaman panduan kuis siap.
Tombol 'Mulai Kuis' diklik.
Halaman soal kuis sudah tampil.
  &amp#27;[31m✘&amp#27;[39m &amp#27;[31m&amp#27;[1mWhen &amp#27;[22mPelajar membuka sesi kuis &amp#27;[1m"Kuis Donuts"&amp#27;[22m&amp#27;[39m                                                         &amp#27;[90m# com.jtklearn.stepdefinitions.QuizSteps.openQuizSession(java.lang.String)&amp#27;[39m
        &amp#27;[31morg.openqa.selenium.TimeoutException: Expected condition failed: waiting for presence of any elements located by By.cssSelector: input.input-quiz-radio[type='radio'] (tried for 15 second(s) with 500 milliseconds interval)&amp#27;[39m
        &amp#27;[31mBuild info: version: '4.32.0', revision: 'd17c8aa950'&amp#27;[39m
        &amp#27;[31mSystem info: os.name: 'Windows 11', os.arch: 'amd64', os.version: '10.0', java.version: '26.0.1'&amp#27;[39m
        &amp#27;[31mDriver info: org.openqa.selenium.chrome.ChromeDriver&amp#27;[39m
        &amp#27;[31mCapabilities {acceptInsecureCerts: false, browserName: chrome, browserVersion: 149.0.7827.104, chrome: {chromedriverVersion: 149.0.7827.115 (daf70f9ddee..., userDataDir: C:\Users\CARISS~1\AppData\L...}, fedcm:accounts: true, goog:chromeOptions: {debuggerAddress: localhost:50772}, goog:processID: 9948, networkConnectionEnabled: false, pageLoadStrategy: normal, platformName: windows, proxy: Proxy(), se:cdp: ws://localhost:50772/devtoo..., se:cdpVersion: 149.0.7827.104, setWindowRect: true, strictFileInteractability: false, timeouts: {implicit: 0, pageLoad: 300000, script: 30000}, unhandledPromptBehavior: dismiss and notify, webauthn:extension:credBlob: true, webauthn:extension:largeBlob: true, webauthn:extension:minPinLength: true, webauthn:extension:prf: true, webauthn:virtualAuthenticators: true}&amp#27;[39m
        &amp#27;[31mSession ID: 90d9bb9d44a2cf5686c2c7f22054327a&amp#27;[39m
        &amp#27;[31m	at org.openqa.selenium.support.ui.WebDriverWait.timeoutException(WebDriverWait.java:84)&amp#27;[39m
        &amp#27;[31m	at org.openqa.selenium.support.ui.FluentWait.until(FluentWait.java:228)&amp#27;[39m
        &amp#27;[31m	at com.jtklearn.pages.QuizPage.clickStartQuizButton(QuizPage.java:81)&amp#27;[39m
        &amp#27;[31m	at com.jtklearn.stepdefinitions.QuizSteps.openQuizSession(QuizSteps.java:58)&amp#27;[39m
        &amp#27;[31m	at ✽.Pelajar membuka sesi kuis "Kuis Donuts"(classpath:features/quiz.feature:7)&amp#27;[39m
  &amp#27;[36m↷&amp#27;[39m &amp#27;[36m&amp#27;[1mAnd &amp#27;[22mMembiarkan minimal satu soal tidak diisi&amp#27;[39m                                                         &amp#27;[90m# com.jtklearn.stepdefinitions.QuizSteps.leaveOneAnswerEmpty()&amp#27;[39m
  &amp#27;[36m↷&amp#27;[39m &amp#27;[36m&amp#27;[1mAnd &amp#27;[22mMenunggu hingga timer kuis selama &amp#27;[1m60&amp#27;[22m detik habis&amp#27;[39m                                                 &amp#27;[90m# com.jtklearn.stepdefinitions.QuizSteps.waitForTimerToFinish(int)&amp#27;[39m
  &amp#27;[36m↷&amp#27;[39m &amp#27;[36m&amp#27;[1mThen &amp#27;[22mSistem menampilkan peringatan soal belum terjawab&amp#27;[39m                                               &amp#27;[90m# com.jtklearn.stepdefinitions.QuizSteps.verifyWarningPopupDisplayed()&amp#27;[39m
  &amp#27;[36m↷&amp#27;[39m &amp#27;[36m&amp#27;[1mAnd &amp#27;[22mSistem tetap menampilkan hasil kuis dengan soal kosong dihitung salah&amp#27;[39m                            &amp#27;[90m# com.jtklearn.stepdefinitions.QuizSteps.verifyResultDisplayedWithPenalty()&amp#27;[39m
]]></system-out>
    <system-err><![CDATA[SLF4J(W): No SLF4J providers were found.
SLF4J(W): Defaulting to no-operation (NOP) logger implementation
SLF4J(W): See https://www.slf4j.org/codes.html#noProviders for further details.
Jun 16, 2026 1:34:31 PM org.openqa.selenium.devtools.CdpVersionFinder findNearestMatch
WARNING: Unable to find CDP implementation matching 149
Jun 16, 2026 1:34:31 PM org.openqa.selenium.chromium.ChromiumDriver lambda$new$4
WARNING: Unable to find version of CDP to use for 149.0.7827.104. You may need to include a dependency on a specific version of the CDP using something similar to `org.seleniumhq.selenium:selenium-devtools-v86:4.32.0` where the version ("v86") matches the version of the chromium-based browser you're using and the version number of the artifact is the same as Selenium's.
]]></system-err>
  </testcase>
</testsuite>