<?xml version="1.0" encoding="UTF-8"?>
<testsuite xmlns:xsi="http://www.w3.org/2001/XMLSchema-instance" xsi:noNamespaceSchemaLocation="https://maven.apache.org/surefire/maven-surefire-plugin/xsd/surefire-test-report.xsd" version="3.0.2" name="com.jtklearn.runners.TestRunner" time="36.035" tests="3" errors="0" skipped="0" failures="0">
  <properties>
[...]
</properties>
  <testcase name="Login Functionality - Login dengan kredensial yang valid" classname="TestRunner" time="5.826">
    <system-out><![CDATA[Mencoba selector 1 untuk Email field: By.cssSelector: input[placeholder='Masukkan email']
✓ Selector berhasil!
Email diisi: ratna@example.com
Mencoba selector 1 untuk Password field: By.cssSelector: input[placeholder='Masukan kata sandi']
✓ Selector berhasil!
Password diisi
Mencoba selector 1 untuk Login button: By.cssSelector: button.btn-danger[type='submit']
✓ Selector berhasil!
Tombol login ditemukan: Masuk
Tombol login diklik
Current URL setelah login: https://polban-space.cloudias79.com/jtk-learn/dashboard-pelajar
]]></system-out>
    <system-err><![CDATA[Jun 16, 2026 3:03:41 PM org.junit.platform.launcher.core.DiscoveryIssueNotifier logIssues
WARNING: TestEngine with ID 'junit-platform-suite' encountered a non-critical issue during test discovery:

(1) [WARNING] [cucumber] The classpath resource selector 'features' should not be used to select features in a package. Use the package selector with 'features' instead (via @Suite com.jtklearn.runners.TestRunner).
SLF4J(W): No SLF4J providers were found.
SLF4J(W): Defaulting to no-operation (NOP) logger implementation
SLF4J(W): See https://www.slf4j.org/codes.html#noProviders for further details.
Jun 16, 2026 3:03:44 PM org.openqa.selenium.devtools.CdpVersionFinder findNearestMatch
WARNING: Unable to find CDP implementation matching 149
Jun 16, 2026 3:03:44 PM org.openqa.selenium.chromium.ChromiumDriver lambda$new$4
WARNING: Unable to find version of CDP to use for 149.0.7827.115. You may need to include a dependency on a specific version of the CDP using something similar to `org.seleniumhq.selenium:selenium-devtools-v86:4.32.0` where the version ("v86") matches the version of the chromium-based browser you're using and the version number of the artifact is the same as Selenium's.
]]></system-err>
  </testcase>
  <testcase name="Logout Functionality - Logout berhasil saat pengguna menekan tombol logout" classname="TestRunner" time="4.811">
    <system-out><![CDATA[Mencoba selector 1 untuk Email field: By.cssSelector: input[placeholder='Masukkan email']
✓ Selector berhasil!
Email diisi: ratna@example.com
Mencoba selector 1 untuk Password field: By.cssSelector: input[placeholder='Masukan kata sandi']
✓ Selector berhasil!
Password diisi
Mencoba selector 1 untuk Login button: By.cssSelector: button.btn-danger[type='submit']
✓ Selector berhasil!
Tombol login ditemukan: Masuk
Tombol login diklik
URL setelah login di LogoutSteps: https://polban-space.cloudias79.com/jtk-learn/dashboard-pelajar
URL setelah logout: https://polban-space.cloudias79.com/jtk-learn
]]></system-out>
    <system-err><![CDATA[Jun 16, 2026 3:03:48 PM org.openqa.selenium.devtools.CdpVersionFinder findNearestMatch
WARNING: Unable to find CDP implementation matching 149
Jun 16, 2026 3:03:48 PM org.openqa.selenium.chromium.ChromiumDriver lambda$new$4
WARNING: Unable to find version of CDP to use for 149.0.7827.115. You may need to include a dependency on a specific version of the CDP using something similar to `org.seleniumhq.selenium:selenium-devtools-v86:4.32.0` where the version ("v86") matches the version of the chromium-based browser you're using and the version number of the artifact is the same as Selenium's.
]]></system-err>
  </testcase>
  <testcase name="Quizzez - Verifikasi kuis dengan tipe soal pilihan ganda dapat dikerjakan" classname="TestRunner" time="25.142">
    <system-out><![CDATA[Mencoba selector 1 untuk Email field: By.cssSelector: input[placeholder='Masukkan email']
✓ Selector berhasil!
Email diisi: ratna@example.com
Mencoba selector 1 untuk Password field: By.cssSelector: input[placeholder='Masukan kata sandi']
✓ Selector berhasil!
Password diisi
Mencoba selector 1 untuk Login button: By.cssSelector: button.btn-danger[type='submit']
✓ Selector berhasil!
Tombol login ditemukan: Masuk
Tombol login diklik
Login berhasil. URL: https://polban-space.cloudias79.com/jtk-learn/dashboard-pelajar
Halaman course 54 terbuka.
Klik Lanjutkan Kursus.
Berada di halaman belajar course: https://polban-space.cloudias79.com/jtk-learn/learn-course/54
Sidebar siap.
Mengklik item kuis: Kuis Fish Soup
Halaman panduan kuis siap.
Tombol 'Mulai Kuis' diklik.
Halaman soal kuis sudah tampil.
Radio button soal sudah tersedia.
Kuis siap dikerjakan.
Jumlah soal ditemukan: 2
Soal ke-1: jawaban dipilih via JS.
Soal ke-2: jawaban dipilih via JS.
Semua soal sudah dijawab.
Tombol submit 'KIRIM' diklik.
Hasil kuis tampil. Test berhasil.
]]></system-out>
    <system-err><![CDATA[Jun 16, 2026 3:03:53 PM org.openqa.selenium.devtools.CdpVersionFinder findNearestMatch
WARNING: Unable to find CDP implementation matching 149
Jun 16, 2026 3:03:53 PM org.openqa.selenium.chromium.ChromiumDriver lambda$new$4
WARNING: Unable to find version of CDP to use for 149.0.7827.115. You may need to include a dependency on a specific version of the CDP using something similar to `org.seleniumhq.selenium:selenium-devtools-v86:4.32.0` where the version ("v86") matches the version of the chromium-based browser you're using and the version number of the artifact is the same as Selenium's.
]]></system-err>
  </testcase>
</testsuite>